<?xml version="1.0" encoding="UTF-8"?>
<!-- Generated by org.testng.reporters.JUnitReportReporter -->
<testsuite skipped="0" hostname="MacBook-Pro.local" name="com.web.avaamo.testcases.AvaamoTestRunner" tests="4" failures="0" timestamp="08 Jun 2021 00:13:40 GMT" time="97.838" errors="0">
  <testcase name="verifyNewTestFunctionality" time="20.749" classname="com.web.avaamo.testcases.AvaamoTestRunner"/>
  <testcase name="verifyWelcomeScreen" time="23.102" classname="com.web.avaamo.testcases.AvaamoTestRunner"/>
  <testcase name="verifyFillFormFunctionality" time="28.357" classname="com.web.avaamo.testcases.AvaamoTestRunner"/>
  <testcase name="verifyStartOverMenuOption" time="25.630" classname="com.web.avaamo.testcases.AvaamoTestRunner"/>
</testsuite> <!-- com.web.avaamo.testcases.AvaamoTestRunner -->
