<?xml version="1.0" encoding="UTF-8"?>
<!-- Generated by org.testng.reporters.JUnitReportReporter -->
<testsuite skipped="0" hostname="MacBook-Pro.local" name="com.web.avaamo.testcases.AvaamoTestRunner" tests="4" failures="0" timestamp="07 Jun 2021 23:44:49 GMT" time="49.817" errors="0">
  <testcase name="verifyWelcomeScreen" time="8.499" classname="com.web.avaamo.testcases.AvaamoTestRunner"/>
  <testcase name="verifyNewTestFunctionality" time="11.253" classname="com.web.avaamo.testcases.AvaamoTestRunner"/>
  <testcase name="verifyStartOverMenuOption" time="12.837" classname="com.web.avaamo.testcases.AvaamoTestRunner"/>
  <testcase name="verifyFillFormFunctionality" time="17.228" classname="com.web.avaamo.testcases.AvaamoTestRunner"/>
</testsuite> <!-- com.web.avaamo.testcases.AvaamoTestRunner -->
